[35m[Appium][39m Welcome to Appium v1.22.3
[35m[Appium][39m Non-default server args:
[35m[Appium][39m   port: 46683
[35m[Appium][39m   tmpDir: /tmp/Katalon/Appium/Temp1663243275208
[35m[Appium][39m   chromedriverPort: 39725
[35m[Appium][39m Deprecated server args:
[35m[Appium][39m   [31m--chromedriver-port[39m => --default-capabilities
[35m[Appium][39m Default capabilities, which will be added to each request unless overridden by desired capabilities:
[35m[Appium][39m   chromedriverPort: 39725
[35m[Appium][39m Appium REST http interface listener started on 0.0.0.0:46683
[35m[HTTP][39m [37m-->[39m [37mGET[39m [37m/wd/hub/status[39m
[35m[HTTP][39m [90m{}[39m
[debug] [35m[GENERIC][39m Calling AppiumDriver.getStatus() with args: []
[debug] [35m[GENERIC][39m Responding to client with driver.getStatus() result: {"build":{"version":"1.22.3"}}
[35m[HTTP][39m [37m<-- GET /wd/hub/status [39m[32m200[39m [90m5 ms - 68[39m
[35m[HTTP][39m [90m[39m
[35m[HTTP][39m [37m-->[39m [37mGET[39m [37m/wd/hub/status[39m
[35m[HTTP][39m [90m{}[39m
[debug] [35m[GENERIC][39m Calling AppiumDriver.getStatus() with args: []
[debug] [35m[GENERIC][39m Responding to client with driver.getStatus() result: {"build":{"version":"1.22.3"}}
[35m[HTTP][39m [37m<-- GET /wd/hub/status [39m[32m200[39m [90m1 ms - 68[39m
[35m[HTTP][39m [90m[39m
[35m[HTTP][39m [37m-->[39m [37mPOST[39m [37m/wd/hub/session[39m
[35m[HTTP][39m [90m{"desiredCapabilities":{"app":"/home/rizkyafsyussalaam/Downloads/Evermos.apk","noReset":true,"deviceName":"Sony SOV41 (Android 11)","fullReset":false,"platform":"ANDROID","newCommandTimeout":1800,"platformVersion":"11","automationName":"uiautomator2","autoGrantPermissions":true,"platformName":"Android","udid":"QV7107ZC25","systemPort":38415},"capabilities":{"firstMatch":[{"appium:app":"/home/rizkyafsyussalaam/Downloads/Evermos.apk","appium:autoGrantPermissions":true,"appium:automationName":"uiautomator2","appium:deviceName":"Sony SOV41 (Android 11)","appium:fullReset":false,"appium:newCommandTimeout":1800,"appium:noReset":true,"platform":"ANDROID","platformName":"android","appium:platformVersion":"11","appium:systemPort":38415,"appium:udid":"QV7107ZC25"}]}}[39m
[debug] [35m[W3C][39m Calling AppiumDriver.createSession() with args: [{"app":"/home/rizkyafsyussalaam/Downloads/Evermos.apk","noReset":true,"deviceName":"Sony SOV41 (Android 11)","fullReset":false,"platform":"ANDROID","newCommandTimeout":1800,"platformVersion":"11","automationName":"uiautomator2","autoGrantPermissions":true,"platformName":"Android","udid":"QV7107ZC25","systemPort":38415},null,{"firstMatch":[{"appium:app":"/home/rizkyafsyussalaam/Downloads/Evermos.apk","appium:autoGrantPermissions":true,"appium:automationName":"uiautomator2","appium:deviceName":"Sony SOV41 (Android 11)","appium:fullReset":false,"appium:newCommandTimeout":1800,"appium:noReset":true,"platform":"ANDROID","platformName":"android","appium:platformVersion":"11","appium:systemPort":38415,"appium:udid":"QV7107ZC25"}]}]
[debug] [35m[BaseDriver][39m Event 'newSessionRequested' logged at 1663243276249 (19:01:16 GMT+0700 (Western Indonesia Time))
[35m[BaseDriver][39m The following capabilities are not standard capabilities and should have an extension prefix:
[35m[BaseDriver][39m   platform
[35m[BaseDriver][39m   chromedriverPort
[35m[Appium][39m Appium v1.22.3 creating new AndroidUiautomator2Driver (v1.70.1) session
[debug] [35m[BaseDriver][39m W3C capabilities and MJSONWP desired capabilities were provided
[debug] [35m[BaseDriver][39m Creating session with W3C capabilities: {
[debug] [35m[BaseDriver][39m   "alwaysMatch": {
[debug] [35m[BaseDriver][39m     "appium:platform": "ANDROID",
[debug] [35m[BaseDriver][39m     "platformName": "android",
[debug] [35m[BaseDriver][39m     "appium:chromedriverPort": 39725,
[debug] [35m[BaseDriver][39m     "appium:app": "/home/rizkyafsyussalaam/Downloads/Evermos.apk",
[debug] [35m[BaseDriver][39m     "appium:autoGrantPermissions": true,
[debug] [35m[BaseDriver][39m     "appium:automationName": "uiautomator2",
[debug] [35m[BaseDriver][39m     "appium:deviceName": "Sony SOV41 (Android 11)",
[debug] [35m[BaseDriver][39m     "appium:fullReset": false,
[debug] [35m[BaseDriver][39m     "appium:newCommandTimeout": 1800,
[debug] [35m[BaseDriver][39m     "appium:noReset": true,
[debug] [35m[BaseDriver][39m     "appium:platformVersion": "11",
[debug] [35m[BaseDriver][39m     "appium:systemPort": 38415,
[debug] [35m[BaseDriver][39m     "appium:udid": "QV7107ZC25"
[debug] [35m[BaseDriver][39m   },
[debug] [35m[BaseDriver][39m   "firstMatch": [
[debug] [35m[BaseDriver][39m     {}
[debug] [35m[BaseDriver][39m   ]
[debug] [35m[BaseDriver][39m }
[35m[BaseDriver][39m The following capabilities were provided, but are not recognized by Appium:
[35m[BaseDriver][39m   platform
[35m[BaseDriver][39m Session created with session id: 8341623d-6739-44c4-884a-c9ce9476b147
[35m[BaseDriver][39m Using local app '/home/rizkyafsyussalaam/Downloads/Evermos.apk'
[debug] [35m[UiAutomator2][39m Checking whether app is actually present
[35m[ADB][39m Found 1 'build-tools' folders under '/home/rizkyafsyussalaam/.katalon/tools/android_sdk' (newest first):
[35m[ADB][39m     /home/rizkyafsyussalaam/.katalon/tools/android_sdk/build-tools/29.0.3
[35m[ADB][39m Using 'adb' from '/home/rizkyafsyussalaam/.katalon/tools/android_sdk/platform-tools/adb'
[debug] [35m[ADB][39m Running '/home/rizkyafsyussalaam/.katalon/tools/android_sdk/platform-tools/adb -P 5037 start-server'
[35m[AndroidDriver][39m Retrieving device list
[debug] [35m[ADB][39m Trying to find a connected android device
[debug] [35m[ADB][39m Getting connected devices
[debug] [35m[ADB][39m Connected devices: [{"udid":"QV7107ZC25","state":"device"}]
[35m[AndroidDriver][39m Using device: QV7107ZC25
[35m[ADB][39m Using 'adb' from '/home/rizkyafsyussalaam/.katalon/tools/android_sdk/platform-tools/adb'
[debug] [35m[ADB][39m Running '/home/rizkyafsyussalaam/.katalon/tools/android_sdk/platform-tools/adb -P 5037 start-server'
[debug] [35m[ADB][39m Setting device id to QV7107ZC25
[debug] [35m[ADB][39m Running '/home/rizkyafsyussalaam/.katalon/tools/android_sdk/platform-tools/adb -P 5037 -s QV7107ZC25 shell getprop ro.build.version.sdk'
[debug] [35m[ADB][39m Current device property 'ro.build.version.sdk': 30
[35m[ADB][39m Getting device platform version
[debug] [35m[ADB][39m Running '/home/rizkyafsyussalaam/.katalon/tools/android_sdk/platform-tools/adb -P 5037 -s QV7107ZC25 shell getprop ro.build.version.release'
[debug] [35m[ADB][39m Current device property 'ro.build.version.release': 11
[debug] [35m[ADB][39m Device API level: 30
[35m[UiAutomator2][39m Relaxing hidden api policy
[debug] [35m[ADB][39m Running '/home/rizkyafsyussalaam/.katalon/tools/android_sdk/platform-tools/adb -P 5037 -s QV7107ZC25 shell 'settings put global hidden_api_policy_pre_p_apps 1;settings put global hidden_api_policy_p_apps 1;settings put global hidden_api_policy 1''
[debug] [35m[AndroidDriver][39m Parsing package and activity from app manifest
[debug] [35m[ADB][39m Error: APK does not contain 'AndroidManifest.xml'
[debug] [35m[ADB][39m     at ZipFile.endListener (/usr/local/lib/node_modules/appium/node_modules/adbkit-apkreader/lib/apkreader.js:79:18)
[debug] [35m[ADB][39m     at ZipFile.emit (events.js:314:20)
[debug] [35m[ADB][39m     at Immediate._onImmediate (/usr/local/lib/node_modules/appium/node_modules/yauzl/index.js:246:12)
[debug] [35m[ADB][39m     at processImmediate (internal/timers.js:461:21)
[debug] [35m[UiAutomator2][39m Deleting UiAutomator2 session
[debug] [35m[ADB][39m Removing forwarded port socket connection: 38415 
[debug] [35m[ADB][39m Running '/home/rizkyafsyussalaam/.katalon/tools/android_sdk/platform-tools/adb -P 5037 -s QV7107ZC25 forward --remove tcp:38415'
[35m[UiAutomator2][39m Unable to remove system port forward: Error executing adbExec. Original error: 'Command '/home/rizkyafsyussalaam/.katalon/tools/android_sdk/platform-tools/adb -P 5037 -s QV7107ZC25 forward --remove tcp\:38415' exited with code 1'; Command output: adb: error: listener 'tcp:38415' not found
[35m[UiAutomator2][39m 
[35m[UiAutomator2][39m Restoring hidden api policy to the device default configuration
[debug] [35m[ADB][39m Running '/home/rizkyafsyussalaam/.katalon/tools/android_sdk/platform-tools/adb -P 5037 -s QV7107ZC25 shell 'settings delete global hidden_api_policy_pre_p_apps;settings delete global hidden_api_policy_p_apps;settings delete global hidden_api_policy''
[debug] [35m[BaseDriver][39m Event 'newSessionStarted' logged at 1663243276907 (19:01:16 GMT+0700 (Western Indonesia Time))
[debug] [35m[W3C][39m Encountered internal error running command: Error: Cannot extract a manifest from '/home/rizkyafsyussalaam/Downloads/Evermos.apk'. Is it a valid Android application?
[debug] [35m[W3C][39m     at ADB.packageAndLaunchActivityFromManifest (/usr/local/lib/node_modules/appium/node_modules/appium-adb/lib/tools/android-manifest.js:38:11)
[35m[HTTP][39m [37m<-- POST /wd/hub/session [39m[31m500[39m [90m699 ms - 725[39m
[35m[HTTP][39m [90m[39m
